[0311/133332.992:ERROR:file_io_win.cc(179)] CreateFile C:\Program Files (x86)\temp\settings.dat: Accesso negato. (0x5)
[0311/133332.998:ERROR:registration_protocol_win.cc(84)] TransactNamedPipe: Pipe terminata. (0x6D)
[0311/133333.000:ERROR:file_io_win.cc(179)] CreateFile C:\Program Files (x86)\temp\settings.dat: Accesso negato. (0x5)
[0311/133420.385:ERROR:file_io_win.cc(179)] CreateFile C:\Program Files (x86)\temp\settings.dat: Accesso negato. (0x5)
[0311/133420.390:ERROR:registration_protocol_win.cc(84)] TransactNamedPipe: Pipe terminata. (0x6D)
[0311/133420.391:ERROR:file_io_win.cc(179)] CreateFile C:\Program Files (x86)\temp\settings.dat: Accesso negato. (0x5)
[0311/133447.385:ERROR:file_io_win.cc(179)] CreateFile C:\Program Files (x86)\temp\settings.dat: Accesso negato. (0x5)
[0311/133447.391:ERROR:registration_protocol_win.cc(84)] TransactNamedPipe: Pipe terminata. (0x6D)
[0311/133447.391:ERROR:file_io_win.cc(179)] CreateFile C:\Program Files (x86)\temp\settings.dat: Accesso negato. (0x5)
[0311/133619.457:ERROR:file_io_win.cc(179)] CreateFile C:\Program Files (x86)\temp\settings.dat: Accesso negato. (0x5)
[0311/133619.466:ERROR:registration_protocol_win.cc(84)] TransactNamedPipe: Pipe terminata. (0x6D)
[0311/133619.467:ERROR:file_io_win.cc(179)] CreateFile C:\Program Files (x86)\temp\settings.dat: Accesso negato. (0x5)
[0311/134303.042:ERROR:file_io_win.cc(179)] CreateFile C:\Program Files (x86)\temp\settings.dat: Accesso negato. (0x5)
[0311/134303.047:ERROR:registration_protocol_win.cc(84)] TransactNamedPipe: Pipe terminata. (0x6D)
[0311/134303.048:ERROR:file_io_win.cc(179)] CreateFile C:\Program Files (x86)\temp\settings.dat: Accesso negato. (0x5)
[0311/134654.585:ERROR:file_io_win.cc(179)] CreateFile C:\Program Files (x86)\temp\settings.dat: Accesso negato. (0x5)
[0311/134654.590:ERROR:registration_protocol_win.cc(84)] TransactNamedPipe: Pipe terminata. (0x6D)
[0311/134654.592:ERROR:file_io_win.cc(179)] CreateFile C:\Program Files (x86)\temp\settings.dat: Accesso negato. (0x5)
[0311/134709.316:ERROR:file_io_win.cc(179)] CreateFile C:\Program Files (x86)\temp\settings.dat: Accesso negato. (0x5)
[0311/134709.321:ERROR:registration_protocol_win.cc(84)] TransactNamedPipe: Pipe terminata. (0x6D)
[0311/134709.322:ERROR:file_io_win.cc(179)] CreateFile C:\Program Files (x86)\temp\settings.dat: Accesso negato. (0x5)
[0311/134723.382:ERROR:file_io_win.cc(179)] CreateFile C:\Program Files (x86)\temp\settings.dat: Accesso negato. (0x5)
[0311/134723.385:ERROR:registration_protocol_win.cc(84)] TransactNamedPipe: Pipe terminata. (0x6D)
[0311/134723.386:ERROR:file_io_win.cc(179)] CreateFile C:\Program Files (x86)\temp\settings.dat: Accesso negato. (0x5)
[0311/135136.584:ERROR:file_io_win.cc(179)] CreateFile C:\Program Files (x86)\temp\settings.dat: Accesso negato. (0x5)
[0311/135136.589:ERROR:registration_protocol_win.cc(84)] TransactNamedPipe: Pipe terminata. (0x6D)
[0311/135136.590:ERROR:file_io_win.cc(179)] CreateFile C:\Program Files (x86)\temp\settings.dat: Accesso negato. (0x5)
[0311/135146.111:ERROR:file_io_win.cc(179)] CreateFile C:\Program Files (x86)\temp\settings.dat: Accesso negato. (0x5)
[0311/135146.117:ERROR:registration_protocol_win.cc(84)] TransactNamedPipe: Pipe terminata. (0x6D)
[0311/135146.118:ERROR:file_io_win.cc(179)] CreateFile C:\Program Files (x86)\temp\settings.dat: Accesso negato. (0x5)
[0311/135319.254:ERROR:file_io_win.cc(179)] CreateFile C:\Program Files (x86)\temp\settings.dat: Accesso negato. (0x5)
[0311/135319.259:ERROR:registration_protocol_win.cc(84)] TransactNamedPipe: Pipe terminata. (0x6D)
[0311/135319.260:ERROR:file_io_win.cc(179)] CreateFile C:\Program Files (x86)\temp\settings.dat: Accesso negato. (0x5)
[0311/135336.867:ERROR:file_io_win.cc(179)] CreateFile C:\Program Files (x86)\temp\settings.dat: Accesso negato. (0x5)
[0311/135336.873:ERROR:registration_protocol_win.cc(84)] TransactNamedPipe: Pipe terminata. (0x6D)
[0311/135336.874:ERROR:file_io_win.cc(179)] CreateFile C:\Program Files (x86)\temp\settings.dat: Accesso negato. (0x5)
[0311/135353.397:ERROR:file_io_win.cc(179)] CreateFile C:\Program Files (x86)\temp\settings.dat: Accesso negato. (0x5)
[0311/135353.401:ERROR:registration_protocol_win.cc(84)] TransactNamedPipe: Pipe terminata. (0x6D)
[0311/135353.402:ERROR:file_io_win.cc(179)] CreateFile C:\Program Files (x86)\temp\settings.dat: Accesso negato. (0x5)
[0311/135610.744:ERROR:file_io_win.cc(179)] CreateFile C:\Program Files (x86)\temp\settings.dat: Accesso negato. (0x5)
[0311/135610.750:ERROR:registration_protocol_win.cc(84)] TransactNamedPipe: Pipe terminata. (0x6D)
[0311/135610.751:ERROR:file_io_win.cc(179)] CreateFile C:\Program Files (x86)\temp\settings.dat: Accesso negato. (0x5)
[0313/151231.801:ERROR:file_io_win.cc(179)] CreateFile C:\Program Files (x86)\temp\settings.dat: Accesso negato. (0x5)
[0313/151231.810:ERROR:registration_protocol_win.cc(84)] TransactNamedPipe: Pipe terminata. (0x6D)
[0313/151231.812:ERROR:file_io_win.cc(179)] CreateFile C:\Program Files (x86)\temp\settings.dat: Accesso negato. (0x5)
[0313/173347.368:ERROR:file_io_win.cc(179)] CreateFile C:\Program Files (x86)\temp\settings.dat: Accesso negato. (0x5)
[0313/173347.376:ERROR:registration_protocol_win.cc(84)] TransactNamedPipe: Pipe terminata. (0x6D)
[0313/173347.377:ERROR:file_io_win.cc(179)] CreateFile C:\Program Files (x86)\temp\settings.dat: Accesso negato. (0x5)
[0419/144621.616:ERROR:file_io_win.cc(179)] CreateFile C:\Program Files (x86)\temp\settings.dat: Accesso negato. (0x5)
[0419/144621.621:ERROR:registration_protocol_win.cc(84)] TransactNamedPipe: Pipe terminata. (0x6D)
[0419/144621.622:ERROR:file_io_win.cc(179)] CreateFile C:\Program Files (x86)\temp\settings.dat: Accesso negato. (0x5)
[0422/011540.419:ERROR:file_io_win.cc(179)] CreateFile C:\Program Files (x86)\temp\settings.dat: Accesso negato. (0x5)
[0422/011540.425:ERROR:registration_protocol_win.cc(84)] TransactNamedPipe: Pipe terminata. (0x6D)
[0422/011540.426:ERROR:file_io_win.cc(179)] CreateFile C:\Program Files (x86)\temp\settings.dat: Accesso negato. (0x5)
<<<<<<< HEAD
[0603/145728.177:ERROR:file_io_win.cc(179)] CreateFile C:\Program Files (x86)\temp\settings.dat: Accesso negato. (0x5)
[0603/145728.223:ERROR:registration_protocol_win.cc(131)] TransactNamedPipe: Pipe terminata. (0x6D)
[0603/145728.224:ERROR:file_io_win.cc(179)] CreateFile C:\Program Files (x86)\temp\settings.dat: Accesso negato. (0x5)
[0603/152726.937:ERROR:file_io_win.cc(179)] CreateFile C:\Program Files (x86)\temp\settings.dat: Accesso negato. (0x5)
[0603/152726.942:ERROR:registration_protocol_win.cc(131)] TransactNamedPipe: Pipe terminata. (0x6D)
[0603/152726.942:ERROR:file_io_win.cc(179)] CreateFile C:\Program Files (x86)\temp\settings.dat: Accesso negato. (0x5)
=======
>>>>>>> bc9e473a35018a79c15f3d284d7371166c6be37d
